<?xml version="1.0" encoding="UTF-8"?>
<!-- Generated by org.testng.reporters.JUnitXMLReporter -->
<testsuite ignored="0" hostname="DESKTOP-PA0DA7A" failures="0" tests="6" name="Default test" time="15.723" errors="0" timestamp="2024-11-24T22:47:42 IST">
  <testcase classname="api.test.DataDrivenTest" name="testPostuser" time="4.096"/>
  <testcase classname="api.test.DataDrivenTest" name="testPostuser" time="1.864"/>
  <testcase classname="api.test.DataDrivenTest" name="testPostuser" time="2.555"/>
  <testcase classname="api.test.DataDrivenTest" name="testDeleteUserByName" time="2.061"/>
  <testcase classname="api.test.DataDrivenTest" name="testDeleteUserByName" time="1.841"/>
  <testcase classname="api.test.DataDrivenTest" name="testDeleteUserByName" time="1.737"/>
</testsuite> <!-- Default test -->
