<?xml version="1.0" encoding="UTF-8"?>
<testsuite xmlns:xsi="http://www.w3.org/2001/XMLSchema-instance" xsi:noNamespaceSchemaLocation="https://maven.apache.org/surefire/maven-surefire-plugin/xsd/surefire-test-report.xsd" version="3.0.2" name="TestSuite" time="14.835" tests="4" errors="0" skipped="0" failures="0">
  <properties>
[...]
</properties>
  <testcase name="testPostUser" classname="api.test.UserTests2" time="3.685">
    <system-out><![CDATA[17:12:55,924                 [main] INFO  api.test.UserTests2 - ************Creating User***********
HTTP/1.1 200 OK
Date: Wed, 27 Nov 2024 11:42:58 GMT
Content-Type: application/json
Transfer-Encoding: chunked
Connection: keep-alive
Access-Control-Allow-Origin: *
Access-Control-Allow-Methods: GET, POST, DELETE, PUT
Access-Control-Allow-Headers: Content-Type, api_key, Authorization
Server: Jetty(9.2.9.v20150224)

{
    "code": 200,
    "type": "unknown",
    "message": "521270862"
}
17:12:59,595                 [main] INFO  api.test.UserTests2 - ************User is created***********
]]></system-out>
    <system-err><![CDATA[SLF4J: Failed to load class "org.slf4j.impl.StaticLoggerBinder".
SLF4J: Defaulting to no-operation (NOP) logger implementation
SLF4J: See http://www.slf4j.org/codes.html#StaticLoggerBinder for further details.
]]></system-err>
  </testcase>
  <testcase name="testGetUserByName" classname="api.test.UserTests2" time="1.85">
    <system-out><![CDATA[17:12:59,605                 [main] INFO  api.test.UserTests2 - ************Reading User Info***********
HTTP/1.1 200 OK
Date: Wed, 27 Nov 2024 11:43:00 GMT
Content-Type: application/json
Transfer-Encoding: chunked
Connection: keep-alive
Access-Control-Allow-Origin: *
Access-Control-Allow-Methods: GET, POST, DELETE, PUT
Access-Control-Allow-Headers: Content-Type, api_key, Authorization
Server: Jetty(9.2.9.v20150224)

{
    "id": 521270862,
    "username": "katharina.turcotte",
    "firstName": "Frank",
    "lastName": "Paucek",
    "email": "tom.bayer@example.com",
    "password": "58pzigo63",
    "phone": "540.719.7342",
    "userStatus": 0
}
17:13:01,458                 [main] INFO  api.test.UserTests2 - ************User Info is displayed***********
]]></system-out>
  </testcase>
  <testcase name="testUpdateUserByName" classname="api.test.UserTests2" time="3.68">
    <system-out><![CDATA[17:13:01,463                 [main] INFO  api.test.UserTests2 - ************Updating User***********
HTTP/1.1 200 OK
Date: Wed, 27 Nov 2024 11:43:02 GMT
Content-Type: application/json
Transfer-Encoding: chunked
Connection: keep-alive
Access-Control-Allow-Origin: *
Access-Control-Allow-Methods: GET, POST, DELETE, PUT
Access-Control-Allow-Headers: Content-Type, api_key, Authorization
Server: Jetty(9.2.9.v20150224)

{
    "code": 200,
    "type": "unknown",
    "message": "521270862"
}
17:13:03,400                 [main] INFO  api.test.UserTests2 - ************User Updated***********
17:13:03,401                 [main] INFO  api.test.UserTests2 - ************ Reading updated User***********
HTTP/1.1 200 OK
Date: Wed, 27 Nov 2024 11:43:04 GMT
Content-Type: application/json
Transfer-Encoding: chunked
Connection: keep-alive
Access-Control-Allow-Origin: *
Access-Control-Allow-Methods: GET, POST, DELETE, PUT
Access-Control-Allow-Headers: Content-Type, api_key, Authorization
Server: Jetty(9.2.9.v20150224)

{
    "id": 521270862,
    "username": "katharina.turcotte",
    "firstName": "Antoine",
    "lastName": "Purdy",
    "email": "conrad.dickens@example.com",
    "password": "5dpc4f21",
    "phone": "1-433-425-4575",
    "userStatus": 0
}
17:13:05,140                 [main] INFO  api.test.UserTests2 - ************Updated User is displayed***********
]]></system-out>
  </testcase>
  <testcase name="testDeleteUserByName" classname="api.test.UserTests2" time="3.791">
    <system-out><![CDATA[17:13:05,144                 [main] INFO  api.test.UserTests2 - ************Deleting User***********
HTTP/1.1 200 OK
Date: Wed, 27 Nov 2024 11:43:05 GMT
Content-Type: application/json
Transfer-Encoding: chunked
Connection: keep-alive
Access-Control-Allow-Origin: *
Access-Control-Allow-Methods: GET, POST, DELETE, PUT
Access-Control-Allow-Headers: Content-Type, api_key, Authorization
Server: Jetty(9.2.9.v20150224)

{
    "code": 200,
    "type": "unknown",
    "message": "katharina.turcotte"
}
17:13:07,087                 [main] INFO  api.test.UserTests2 - ************User deleted***********
17:13:07,087                 [main] INFO  api.test.UserTests2 - ************Reading deleted user***********
HTTP/1.1 404 Not Found
Date: Wed, 27 Nov 2024 11:43:07 GMT
Content-Type: application/json
Transfer-Encoding: chunked
Connection: keep-alive
Access-Control-Allow-Origin: *
Access-Control-Allow-Methods: GET, POST, DELETE, PUT
Access-Control-Allow-Headers: Content-Type, api_key, Authorization
Server: Jetty(9.2.9.v20150224)

{
    "code": 1,
    "type": "error",
    "message": "User not found"
}
17:13:08,931                 [main] INFO  api.test.UserTests2 - ************Deleted User confirmed***********
]]></system-out>
  </testcase>
</testsuite>