<?xml version="1.0" encoding="UTF-8"?>
<testng-results ignored="0" total="4" passed="4" failed="0" skipped="0">
  <reporter-output>
  </reporter-output>
  <suite started-at="2024-11-27T17:12:55 IST" name="PetSuite" finished-at="2024-11-27T17:13:08 IST" duration-ms="13876">
    <groups>
    </groups>
    <test started-at="2024-11-27T17:12:55 IST" name="PetTest" finished-at="2024-11-27T17:13:08 IST" duration-ms="13876">
      <class name="api.test.UserTests2">
        <test-method is-config="true" signature="setUpdata()[pri:0, instance:api.test.UserTests2@4562e04d]" started-at="2024-11-27T17:12:55 IST" name="setUpdata" finished-at="2024-11-27T17:12:55 IST" duration-ms="629" status="PASS">
          <reporter-output>
          </reporter-output>
        </test-method> <!-- setUpdata -->
        <test-method signature="testPostUser()[pri:1, instance:api.test.UserTests2@4562e04d]" started-at="2024-11-27T17:12:55 IST" name="testPostUser" finished-at="2024-11-27T17:12:59 IST" duration-ms="3677" status="PASS">
          <reporter-output>
          </reporter-output>
        </test-method> <!-- testPostUser -->
        <test-method signature="testGetUserByName()[pri:2, instance:api.test.UserTests2@4562e04d]" started-at="2024-11-27T17:12:59 IST" name="testGetUserByName" finished-at="2024-11-27T17:13:01 IST" duration-ms="1855" status="PASS">
          <reporter-output>
          </reporter-output>
        </test-method> <!-- testGetUserByName -->
        <test-method signature="testUpdateUserByName()[pri:3, instance:api.test.UserTests2@4562e04d]" started-at="2024-11-27T17:13:01 IST" name="testUpdateUserByName" finished-at="2024-11-27T17:13:05 IST" duration-ms="3680" status="PASS">
          <reporter-output>
          </reporter-output>
        </test-method> <!-- testUpdateUserByName -->
        <test-method signature="testDeleteUserByName()[pri:4, instance:api.test.UserTests2@4562e04d]" started-at="2024-11-27T17:13:05 IST" name="testDeleteUserByName" finished-at="2024-11-27T17:13:08 IST" duration-ms="3788" status="PASS">
          <reporter-output>
          </reporter-output>
        </test-method> <!-- testDeleteUserByName -->
      </class> <!-- api.test.UserTests2 -->
    </test> <!-- PetTest -->
  </suite> <!-- PetSuite -->
</testng-results>
