<?xml version="1.0" encoding="UTF-8"?>
<testng-results ignored="0" total="4" passed="4" failed="0" skipped="0">
  <reporter-output>
  </reporter-output>
  <suite started-at="2024-11-27T12:12:37 IST" name="PetSuite" finished-at="2024-11-27T12:12:50 IST" duration-ms="12691">
    <groups>
    </groups>
    <test started-at="2024-11-27T12:12:37 IST" name="PetTest" finished-at="2024-11-27T12:12:50 IST" duration-ms="12691">
      <class name="api.test.UserTests2">
        <test-method is-config="true" signature="setUpdata()[pri:0, instance:api.test.UserTests2@24313fcc]" started-at="2024-11-27T12:12:37 IST" name="setUpdata" finished-at="2024-11-27T12:12:38 IST" duration-ms="545" status="PASS">
          <reporter-output>
          </reporter-output>
        </test-method> <!-- setUpdata -->
        <test-method signature="testPostUser()[pri:1, instance:api.test.UserTests2@24313fcc]" started-at="2024-11-27T12:12:38 IST" name="testPostUser" finished-at="2024-11-27T12:12:41 IST" duration-ms="3090" status="PASS">
          <reporter-output>
          </reporter-output>
        </test-method> <!-- testPostUser -->
        <test-method signature="testGetUserByName()[pri:2, instance:api.test.UserTests2@24313fcc]" started-at="2024-11-27T12:12:41 IST" name="testGetUserByName" finished-at="2024-11-27T12:12:43 IST" duration-ms="2130" status="PASS">
          <reporter-output>
          </reporter-output>
        </test-method> <!-- testGetUserByName -->
        <test-method signature="testUpdateUserByName()[pri:3, instance:api.test.UserTests2@24313fcc]" started-at="2024-11-27T12:12:43 IST" name="testUpdateUserByName" finished-at="2024-11-27T12:12:46 IST" duration-ms="3555" status="PASS">
          <reporter-output>
          </reporter-output>
        </test-method> <!-- testUpdateUserByName -->
        <test-method signature="testDeleteUserByName()[pri:4, instance:api.test.UserTests2@24313fcc]" started-at="2024-11-27T12:12:46 IST" name="testDeleteUserByName" finished-at="2024-11-27T12:12:50 IST" duration-ms="3152" status="PASS">
          <reporter-output>
          </reporter-output>
        </test-method> <!-- testDeleteUserByName -->
      </class> <!-- api.test.UserTests2 -->
    </test> <!-- PetTest -->
  </suite> <!-- PetSuite -->
</testng-results>
