<?xml version="1.0" encoding="UTF-8"?>
<!-- Generated by org.testng.reporters.JUnitXMLReporter -->
<testsuite ignored="0" hostname="DESKTOP-PA0DA7A" failures="0" tests="4" name="PetTest" time="13.876" errors="0" timestamp="2024-11-27T17:13:09 IST">
  <testcase classname="api.test.UserTests2" name="testPostUser" time="3.677"/>
  <testcase classname="api.test.UserTests2" name="testGetUserByName" time="1.855"/>
  <testcase classname="api.test.UserTests2" name="testUpdateUserByName" time="3.68"/>
  <testcase classname="api.test.UserTests2" name="testDeleteUserByName" time="3.788"/>
</testsuite> <!-- PetTest -->
