<?xml version="1.0" encoding="UTF-8"?>
<!-- Generated by org.testng.reporters.JUnitXMLReporter -->
<testsuite ignored="0" hostname="DESKTOP-PA0DA7A" failures="0" tests="4" name="PetTest" time="12.691" errors="0" timestamp="2024-11-27T12:12:50 IST">
  <testcase classname="api.test.UserTests2" name="testPostUser" time="3.09"/>
  <testcase classname="api.test.UserTests2" name="testGetUserByName" time="2.13"/>
  <testcase classname="api.test.UserTests2" name="testUpdateUserByName" time="3.555"/>
  <testcase classname="api.test.UserTests2" name="testDeleteUserByName" time="3.152"/>
</testsuite> <!-- PetTest -->
